# JRE version: OpenJDK Runtime Environment (8.0_152-b02) (build 1.8.0_152-release-1024-b02)
# Java VM: OpenJDK 64-Bit Server VM (25.152-b02 mixed mode windows-amd64 compressed oops)
Heap:
 PSYoungGen      total 205824K, used 29023K [0x00000000e0000000, 0x00000000f3580000, 0x0000000100000000)
  eden space 130048K, 9% used [0x00000000e0000000,0x00000000e0c08c80,0x00000000e7f00000)
  from space 75776K, 22% used [0x00000000e7f00000,0x00000000e8f4f098,0x00000000ec900000)
  to   space 73728K, 0% used [0x00000000eed80000,0x00000000eed80000,0x00000000f3580000)
 ParOldGen       total 156160K, used 39613K [0x00000000a0000000, 0x00000000a9880000, 0x00000000e0000000)
  object space 156160K, 25% used [0x00000000a0000000,0x00000000a26af528,0x00000000a9880000)
 Metaspace       used 57378K, capacity 58529K, committed 59160K, reserved 1101824K
  class space    used 6763K, capacity 7034K, committed 7216K, reserved 1048576K
GC Heap History (10 events):
Event: 2229.968 GC heap before
{Heap before GC invocations=19 (full 3):
 PSYoungGen      total 134144K, used 134117K [0x00000000e0000000, 0x00000000ed600000, 0x0000000100000000)
  eden space 89600K, 100% used [0x00000000e0000000,0x00000000e5780000,0x00000000e5780000)
  from space 44544K, 99% used [0x00000000e5780000,0x00000000e82f9460,0x00000000e8300000)
  to   space 52224K, 0% used [0x00000000ea300000,0x00000000ea300000,0x00000000ed600000)
 ParOldGen       total 115200K, used 55292K [0x00000000a0000000, 0x00000000a7080000, 0x00000000e0000000)
  object space 115200K, 47% used [0x00000000a0000000,0x00000000a35ff208,0x00000000a7080000)
 Metaspace       used 55930K, capacity 57185K, committed 57512K, reserved 1099776K
  class space    used 6735K, capacity 7032K, committed 7088K, reserved 1048576K
Event: 2230.034 GC heap after
Heap after GC invocations=19 (full 3):
 PSYoungGen      total 155136K, used 52215K [0x00000000e0000000, 0x00000000eea00000, 0x0000000100000000)
  eden space 102912K, 0% used [0x00000000e0000000,0x00000000e0000000,0x00000000e6480000)
  from space 52224K, 99% used [0x00000000ea300000,0x00000000ed5fdc10,0x00000000ed600000)
  to   space 64000K, 0% used [0x00000000e6480000,0x00000000e6480000,0x00000000ea300000)
 ParOldGen       total 115200K, used 65129K [0x00000000a0000000, 0x00000000a7080000, 0x00000000e0000000)
  object space 115200K, 56% used [0x00000000a0000000,0x00000000a3f9a5e0,0x00000000a7080000)
 Metaspace       used 55930K, capacity 57185K, committed 57512K, reserved 1099776K
  class space    used 6735K, capacity 7032K, committed 7088K, reserved 1048576K
}
Event: 2231.361 GC heap before
{Heap before GC invocations=20 (full 3):
 PSYoungGen      total 155136K, used 155127K [0x00000000e0000000, 0x00000000eea00000, 0x0000000100000000)
  eden space 102912K, 100% used [0x00000000e0000000,0x00000000e6480000,0x00000000e6480000)
  from space 52224K, 99% used [0x00000000ea300000,0x00000000ed5fdc10,0x00000000ed600000)
  to   space 64000K, 0% used [0x00000000e6480000,0x00000000e6480000,0x00000000ea300000)
 ParOldGen       total 115200K, used 65129K [0x00000000a0000000, 0x00000000a7080000, 0x00000000e0000000)
  object space 115200K, 56% used [0x00000000a0000000,0x00000000a3f9a5e0,0x00000000a7080000)
 Metaspace       used 57584K, capacity 58907K, committed 59160K, reserved 1101824K
  class space    used 6850K, capacity 7185K, committed 7216K, reserved 1048576K
Event: 2231.427 GC heap after
Heap after GC invocations=20 (full 3):
 PSYoungGen      total 166912K, used 59039K [0x00000000e0000000, 0x00000000f1000000, 0x0000000100000000)
  eden space 102912K, 0% used [0x00000000e0000000,0x00000000e0000000,0x00000000e6480000)
  from space 64000K, 92% used [0x00000000e6480000,0x00000000e9e27cf0,0x00000000ea300000)
  to   space 72704K, 0% used [0x00000000ec900000,0x00000000ec900000,0x00000000f1000000)
 ParOldGen       total 115200K, used 75614K [0x00000000a0000000, 0x00000000a7080000, 0x00000000e0000000)
  object space 115200K, 65% used [0x00000000a0000000,0x00000000a49d7b68,0x00000000a7080000)
 Metaspace       used 57584K, capacity 58907K, committed 59160K, reserved 1101824K
  class space    used 6850K, capacity 7185K, committed 7216K, reserved 1048576K
}
Event: 2231.748 GC heap before
{Heap before GC invocations=21 (full 3):
 PSYoungGen      total 166912K, used 81568K [0x00000000e0000000, 0x00000000f1000000, 0x0000000100000000)
  eden space 102912K, 21% used [0x00000000e0000000,0x00000000e1600588,0x00000000e6480000)
  from space 64000K, 92% used [0x00000000e6480000,0x00000000e9e27cf0,0x00000000ea300000)
  to   space 72704K, 0% used [0x00000000ec900000,0x00000000ec900000,0x00000000f1000000)
 ParOldGen       total 115200K, used 75614K [0x00000000a0000000, 0x00000000a7080000, 0x00000000e0000000)
  object space 115200K, 65% used [0x00000000a0000000,0x00000000a49d7b68,0x00000000a7080000)
 Metaspace       used 57720K, capacity 58983K, committed 59160K, reserved 1101824K
  class space    used 6854K, capacity 7187K, committed 7216K, reserved 1048576K
Event: 2231.837 GC heap after
Heap after GC invocations=21 (full 3):
 PSYoungGen      total 202752K, used 48691K [0x00000000e0000000, 0x00000000f1600000, 0x0000000100000000)
  eden space 130048K, 0% used [0x00000000e0000000,0x00000000e0000000,0x00000000e7f00000)
  from space 72704K, 66% used [0x00000000ec900000,0x00000000ef88cee0,0x00000000f1000000)
  to   space 75776K, 0% used [0x00000000e7f00000,0x00000000e7f00000,0x00000000ec900000)
 ParOldGen       total 115200K, used 83220K [0x00000000a0000000, 0x00000000a7080000, 0x00000000e0000000)
  object space 115200K, 72% used [0x00000000a0000000,0x00000000a5145200,0x00000000a7080000)
 Metaspace       used 57720K, capacity 58983K, committed 59160K, reserved 1101824K
  class space    used 6854K, capacity 7187K, committed 7216K, reserved 1048576K
}
Event: 2231.837 GC heap before
{Heap before GC invocations=22 (full 4):
 PSYoungGen      total 202752K, used 48691K [0x00000000e0000000, 0x00000000f1600000, 0x0000000100000000)
  eden space 130048K, 0% used [0x00000000e0000000,0x00000000e0000000,0x00000000e7f00000)
  from space 72704K, 66% used [0x00000000ec900000,0x00000000ef88cee0,0x00000000f1000000)
  to   space 75776K, 0% used [0x00000000e7f00000,0x00000000e7f00000,0x00000000ec900000)
 ParOldGen       total 115200K, used 83220K [0x00000000a0000000, 0x00000000a7080000, 0x00000000e0000000)
  object space 115200K, 72% used [0x00000000a0000000,0x00000000a5145200,0x00000000a7080000)
 Metaspace       used 57720K, capacity 58983K, committed 59160K, reserved 1101824K
  class space    used 6854K, capacity 7187K, committed 7216K, reserved 1048576K
Event: 2232.074 GC heap after
Heap after GC invocations=22 (full 4):
 PSYoungGen      total 202752K, used 0K [0x00000000e0000000, 0x00000000f1600000, 0x0000000100000000)
  eden space 130048K, 0% used [0x00000000e0000000,0x00000000e0000000,0x00000000e7f00000)
  from space 72704K, 0% used [0x00000000ec900000,0x00000000ec900000,0x00000000f1000000)
  to   space 75776K, 0% used [0x00000000e7f00000,0x00000000e7f00000,0x00000000ec900000)
 ParOldGen       total 156160K, used 39605K [0x00000000a0000000, 0x00000000a9880000, 0x00000000e0000000)
  object space 156160K, 25% used [0x00000000a0000000,0x00000000a26ad528,0x00000000a9880000)
 Metaspace       used 56502K, capacity 57453K, committed 59160K, reserved 1101824K
  class space    used 6682K, capacity 6916K, committed 7216K, reserved 1048576K
}
Event: 2450.774 GC heap before
{Heap before GC invocations=23 (full 4):
 PSYoungGen      total 202752K, used 130048K [0x00000000e0000000, 0x00000000f1600000, 0x0000000100000000)
  eden space 130048K, 100% used [0x00000000e0000000,0x00000000e7f00000,0x00000000e7f00000)
  from space 72704K, 0% used [0x00000000ec900000,0x00000000ec900000,0x00000000f1000000)
  to   space 75776K, 0% used [0x00000000e7f00000,0x00000000e7f00000,0x00000000ec900000)
 ParOldGen       total 156160K, used 39605K [0x00000000a0000000, 0x00000000a9880000, 0x00000000e0000000)
  object space 156160K, 25% used [0x00000000a0000000,0x00000000a26ad528,0x00000000a9880000)
 Metaspace       used 57351K, capacity 58453K, committed 59160K, reserved 1101824K
  class space    used 6762K, capacity 7032K, committed 7216K, reserved 1048576K
Event: 2450.801 GC heap after
Heap after GC invocations=23 (full 4):
 PSYoungGen      total 205824K, used 16700K [0x00000000e0000000, 0x00000000f3580000, 0x0000000100000000)
  eden space 130048K, 0% used [0x00000000e0000000,0x00000000e0000000,0x00000000e7f00000)
  from space 75776K, 22% used [0x00000000e7f00000,0x00000000e8f4f098,0x00000000ec900000)
  to   space 73728K, 0% used [0x00000000eed80000,0x00000000eed80000,0x00000000f3580000)
 ParOldGen       total 156160K, used 39613K [0x00000000a0000000, 0x00000000a9880000, 0x00000000e0000000)
  object space 156160K, 25% used [0x00000000a0000000,0x00000000a26af528,0x00000000a9880000)
 Metaspace       used 57351K, capacity 58453K, committed 59160K, reserved 1101824K
  class space    used 6762K, capacity 7032K, committed 7216K, reserved 1048576K
}

