# JRE version: OpenJDK Runtime Environment (8.0_152-b02) (build 1.8.0_152-release-1024-b02)
# Java VM: OpenJDK 64-Bit Server VM (25.152-b02 mixed mode windows-amd64 compressed oops)
Heap:
 PSYoungGen      total 146944K, used 89977K [0x00000000e0000000, 0x00000000ed680000, 0x0000000100000000)
  eden space 96768K, 92% used [0x00000000e0000000,0x00000000e57de5b8,0x00000000e5e80000)
  from space 50176K, 0% used [0x00000000e5e80000,0x00000000e5e80000,0x00000000e8f80000)
  to   space 50688K, 0% used [0x00000000ea500000,0x00000000ea500000,0x00000000ed680000)
 ParOldGen       total 165376K, used 31603K [0x00000000a0000000, 0x00000000aa180000, 0x00000000e0000000)
  object space 165376K, 19% used [0x00000000a0000000,0x00000000a1edcc48,0x00000000aa180000)
 Metaspace       used 58144K, capacity 59247K, committed 59544K, reserved 1101824K
  class space    used 6933K, capacity 7219K, committed 7344K, reserved 1048576K
GC Heap History (10 events):
Event: 17.501 GC heap before
{Heap before GC invocations=13 (full 3):
 PSYoungGen      total 89088K, used 89087K [0x00000000e0000000, 0x00000000e8e00000, 0x0000000100000000)
  eden space 68608K, 100% used [0x00000000e0000000,0x00000000e4300000,0x00000000e4300000)
  from space 20480K, 99% used [0x00000000e4300000,0x00000000e56ffc78,0x00000000e5700000)
  to   space 27136K, 0% used [0x00000000e7380000,0x00000000e7380000,0x00000000e8e00000)
 ParOldGen       total 122880K, used 30861K [0x00000000a0000000, 0x00000000a7800000, 0x00000000e0000000)
  object space 122880K, 25% used [0x00000000a0000000,0x00000000a1e235b0,0x00000000a7800000)
 Metaspace       used 51379K, capacity 52263K, committed 52656K, reserved 1095680K
  class space    used 6238K, capacity 6451K, committed 6576K, reserved 1048576K
Event: 17.551 GC heap after
Heap after GC invocations=13 (full 3):
 PSYoungGen      total 111104K, used 27135K [0x00000000e0000000, 0x00000000e9300000, 0x0000000100000000)
  eden space 83968K, 0% used [0x00000000e0000000,0x00000000e0000000,0x00000000e5200000)
  from space 27136K, 99% used [0x00000000e7380000,0x00000000e8dffcd8,0x00000000e8e00000)
  to   space 33280K, 0% used [0x00000000e5200000,0x00000000e5200000,0x00000000e7280000)
 ParOldGen       total 122880K, used 37464K [0x00000000a0000000, 0x00000000a7800000, 0x00000000e0000000)
  object space 122880K, 30% used [0x00000000a0000000,0x00000000a2496170,0x00000000a7800000)
 Metaspace       used 51379K, capacity 52263K, committed 52656K, reserved 1095680K
  class space    used 6238K, capacity 6451K, committed 6576K, reserved 1048576K
}
Event: 19.261 GC heap before
{Heap before GC invocations=14 (full 3):
 PSYoungGen      total 111104K, used 111103K [0x00000000e0000000, 0x00000000e9300000, 0x0000000100000000)
  eden space 83968K, 100% used [0x00000000e0000000,0x00000000e5200000,0x00000000e5200000)
  from space 27136K, 99% used [0x00000000e7380000,0x00000000e8dffcd8,0x00000000e8e00000)
  to   space 33280K, 0% used [0x00000000e5200000,0x00000000e5200000,0x00000000e7280000)
 ParOldGen       total 122880K, used 37464K [0x00000000a0000000, 0x00000000a7800000, 0x00000000e0000000)
  object space 122880K, 30% used [0x00000000a0000000,0x00000000a2496170,0x00000000a7800000)
 Metaspace       used 52356K, capacity 53265K, committed 53680K, reserved 1095680K
  class space    used 6296K, capacity 6498K, committed 6576K, reserved 1048576K
Event: 19.317 GC heap after
Heap after GC invocations=14 (full 3):
 PSYoungGen      total 117248K, used 33279K [0x00000000e0000000, 0x00000000eb800000, 0x0000000100000000)
  eden space 83968K, 0% used [0x00000000e0000000,0x00000000e0000000,0x00000000e5200000)
  from space 33280K, 99% used [0x00000000e5200000,0x00000000e727fdc0,0x00000000e7280000)
  to   space 41472K, 0% used [0x00000000e8f80000,0x00000000e8f80000,0x00000000eb800000)
 ParOldGen       total 122880K, used 45613K [0x00000000a0000000, 0x00000000a7800000, 0x00000000e0000000)
  object space 122880K, 37% used [0x00000000a0000000,0x00000000a2c8b4a8,0x00000000a7800000)
 Metaspace       used 52356K, capacity 53265K, committed 53680K, reserved 1095680K
  class space    used 6296K, capacity 6498K, committed 6576K, reserved 1048576K
}
Event: 22.252 GC heap before
{Heap before GC invocations=15 (full 3):
 PSYoungGen      total 117248K, used 117247K [0x00000000e0000000, 0x00000000eb800000, 0x0000000100000000)
  eden space 83968K, 100% used [0x00000000e0000000,0x00000000e5200000,0x00000000e5200000)
  from space 33280K, 99% used [0x00000000e5200000,0x00000000e727fdc0,0x00000000e7280000)
  to   space 41472K, 0% used [0x00000000e8f80000,0x00000000e8f80000,0x00000000eb800000)
 ParOldGen       total 122880K, used 45613K [0x00000000a0000000, 0x00000000a7800000, 0x00000000e0000000)
  object space 122880K, 37% used [0x00000000a0000000,0x00000000a2c8b4a8,0x00000000a7800000)
 Metaspace       used 54455K, capacity 55519K, committed 55728K, reserved 1097728K
  class space    used 6482K, capacity 6737K, committed 6832K, reserved 1048576K
Event: 22.324 GC heap after
Heap after GC invocations=15 (full 3):
 PSYoungGen      total 138240K, used 41461K [0x00000000e0000000, 0x00000000ec980000, 0x0000000100000000)
  eden space 96768K, 0% used [0x00000000e0000000,0x00000000e0000000,0x00000000e5e80000)
  from space 41472K, 99% used [0x00000000e8f80000,0x00000000eb7fd770,0x00000000eb800000)
  to   space 50176K, 0% used [0x00000000e5e80000,0x00000000e5e80000,0x00000000e8f80000)
 ParOldGen       total 122880K, used 51487K [0x00000000a0000000, 0x00000000a7800000, 0x00000000e0000000)
  object space 122880K, 41% used [0x00000000a0000000,0x00000000a3247dd8,0x00000000a7800000)
 Metaspace       used 54455K, capacity 55519K, committed 55728K, reserved 1097728K
  class space    used 6482K, capacity 6737K, committed 6832K, reserved 1048576K
}
Event: 674.814 GC heap before
{Heap before GC invocations=16 (full 3):
 PSYoungGen      total 138240K, used 116727K [0x00000000e0000000, 0x00000000ec980000, 0x0000000100000000)
  eden space 96768K, 77% used [0x00000000e0000000,0x00000000e4980670,0x00000000e5e80000)
  from space 41472K, 99% used [0x00000000e8f80000,0x00000000eb7fd770,0x00000000eb800000)
  to   space 50176K, 0% used [0x00000000e5e80000,0x00000000e5e80000,0x00000000e8f80000)
 ParOldGen       total 122880K, used 51487K [0x00000000a0000000, 0x00000000a7800000, 0x00000000e0000000)
  object space 122880K, 41% used [0x00000000a0000000,0x00000000a3247dd8,0x00000000a7800000)
 Metaspace       used 57885K, capacity 59017K, committed 59160K, reserved 1101824K
  class space    used 6921K, capacity 7186K, committed 7216K, reserved 1048576K
Event: 674.856 GC heap after
Heap after GC invocations=16 (full 3):
 PSYoungGen      total 146944K, used 29921K [0x00000000e0000000, 0x00000000ed680000, 0x0000000100000000)
  eden space 96768K, 0% used [0x00000000e0000000,0x00000000e0000000,0x00000000e5e80000)
  from space 50176K, 59% used [0x00000000e5e80000,0x00000000e7bb8500,0x00000000e8f80000)
  to   space 50688K, 0% used [0x00000000ea500000,0x00000000ea500000,0x00000000ed680000)
 ParOldGen       total 122880K, used 66277K [0x00000000a0000000, 0x00000000a7800000, 0x00000000e0000000)
  object space 122880K, 53% used [0x00000000a0000000,0x00000000a40b9708,0x00000000a7800000)
 Metaspace       used 57885K, capacity 59017K, committed 59160K, reserved 1101824K
  class space    used 6921K, capacity 7186K, committed 7216K, reserved 1048576K
}
Event: 674.856 GC heap before
{Heap before GC invocations=17 (full 4):
 PSYoungGen      total 146944K, used 29921K [0x00000000e0000000, 0x00000000ed680000, 0x0000000100000000)
  eden space 96768K, 0% used [0x00000000e0000000,0x00000000e0000000,0x00000000e5e80000)
  from space 50176K, 59% used [0x00000000e5e80000,0x00000000e7bb8500,0x00000000e8f80000)
  to   space 50688K, 0% used [0x00000000ea500000,0x00000000ea500000,0x00000000ed680000)
 ParOldGen       total 122880K, used 66277K [0x00000000a0000000, 0x00000000a7800000, 0x00000000e0000000)
  object space 122880K, 53% used [0x00000000a0000000,0x00000000a40b9708,0x00000000a7800000)
 Metaspace       used 57885K, capacity 59017K, committed 59160K, reserved 1101824K
  class space    used 6921K, capacity 7186K, committed 7216K, reserved 1048576K
Event: 674.988 GC heap after
Heap after GC invocations=17 (full 4):
 PSYoungGen      total 146944K, used 0K [0x00000000e0000000, 0x00000000ed680000, 0x0000000100000000)
  eden space 96768K, 0% used [0x00000000e0000000,0x00000000e0000000,0x00000000e5e80000)
  from space 50176K, 0% used [0x00000000e5e80000,0x00000000e5e80000,0x00000000e8f80000)
  to   space 50688K, 0% used [0x00000000ea500000,0x00000000ea500000,0x00000000ed680000)
 ParOldGen       total 165376K, used 31603K [0x00000000a0000000, 0x00000000aa180000, 0x00000000e0000000)
  object space 165376K, 19% used [0x00000000a0000000,0x00000000a1edcc48,0x00000000aa180000)
 Metaspace       used 57885K, capacity 59017K, committed 59160K, reserved 1101824K
  class space    used 6921K, capacity 7186K, committed 7216K, reserved 1048576K
}

