# JRE version: OpenJDK Runtime Environment (8.0_152-b02) (build 1.8.0_152-release-1024-b02)
# Java VM: OpenJDK 64-Bit Server VM (25.152-b02 mixed mode windows-amd64 compressed oops)
Heap:
 PSYoungGen      total 126464K, used 75765K [0x00000000e0000000, 0x00000000ece00000, 0x0000000100000000)
  eden space 74240K, 31% used [0x00000000e0000000,0x00000000e17043c8,0x00000000e4880000)
  from space 52224K, 99% used [0x00000000e4880000,0x00000000e7b79060,0x00000000e7b80000)
  to   space 61440K, 0% used [0x00000000e9200000,0x00000000e9200000,0x00000000ece00000)
 ParOldGen       total 118272K, used 31033K [0x00000000a0000000, 0x00000000a7380000, 0x00000000e0000000)
  object space 118272K, 26% used [0x00000000a0000000,0x00000000a1e4e688,0x00000000a7380000)
 Metaspace       used 62614K, capacity 64347K, committed 64640K, reserved 1105920K
  class space    used 7107K, capacity 7495K, committed 7552K, reserved 1048576K
GC Heap History (10 events):
Event: 5873.780 GC heap before
{Heap before GC invocations=25 (full 4):
 PSYoungGen      total 102912K, used 74191K [0x00000000e0000000, 0x00000000e8680000, 0x0000000100000000)
  eden space 70144K, 99% used [0x00000000e0000000,0x00000000e447e178,0x00000000e4480000)
  from space 32768K, 12% used [0x00000000e6680000,0x00000000e6a75bc0,0x00000000e8680000)
  to   space 33792K, 0% used [0x00000000e4480000,0x00000000e4480000,0x00000000e6580000)
 ParOldGen       total 118272K, used 16188K [0x00000000a0000000, 0x00000000a7380000, 0x00000000e0000000)
  object space 118272K, 13% used [0x00000000a0000000,0x00000000a0fcf0b8,0x00000000a7380000)
 Metaspace       used 57378K, capacity 58821K, committed 59136K, reserved 1101824K
  class space    used 6485K, capacity 6774K, committed 6912K, reserved 1048576K
Event: 5873.796 GC heap after
Heap after GC invocations=25 (full 4):
 PSYoungGen      total 103936K, used 15695K [0x00000000e0000000, 0x00000000e8980000, 0x0000000100000000)
  eden space 70144K, 0% used [0x00000000e0000000,0x00000000e0000000,0x00000000e4480000)
  from space 33792K, 46% used [0x00000000e4480000,0x00000000e53d3d20,0x00000000e6580000)
  to   space 32256K, 0% used [0x00000000e6a00000,0x00000000e6a00000,0x00000000e8980000)
 ParOldGen       total 118272K, used 16196K [0x00000000a0000000, 0x00000000a7380000, 0x00000000e0000000)
  object space 118272K, 13% used [0x00000000a0000000,0x00000000a0fd10b8,0x00000000a7380000)
 Metaspace       used 57378K, capacity 58821K, committed 59136K, reserved 1101824K
  class space    used 6485K, capacity 6774K, committed 6912K, reserved 1048576K
}
Event: 5874.976 GC heap before
{Heap before GC invocations=26 (full 4):
 PSYoungGen      total 103936K, used 85839K [0x00000000e0000000, 0x00000000e8980000, 0x0000000100000000)
  eden space 70144K, 100% used [0x00000000e0000000,0x00000000e4480000,0x00000000e4480000)
  from space 33792K, 46% used [0x00000000e4480000,0x00000000e53d3d20,0x00000000e6580000)
  to   space 32256K, 0% used [0x00000000e6a00000,0x00000000e6a00000,0x00000000e8980000)
 ParOldGen       total 118272K, used 16196K [0x00000000a0000000, 0x00000000a7380000, 0x00000000e0000000)
  object space 118272K, 13% used [0x00000000a0000000,0x00000000a0fd10b8,0x00000000a7380000)
 Metaspace       used 60655K, capacity 62167K, committed 62336K, reserved 1103872K
  class space    used 6907K, capacity 7225K, committed 7296K, reserved 1048576K
Event: 5875.009 GC heap after
Heap after GC invocations=26 (full 4):
 PSYoungGen      total 104448K, used 30716K [0x00000000e0000000, 0x00000000e9380000, 0x0000000100000000)
  eden space 72192K, 0% used [0x00000000e0000000,0x00000000e0000000,0x00000000e4680000)
  from space 32256K, 95% used [0x00000000e6a00000,0x00000000e87ff0d0,0x00000000e8980000)
  to   space 36352K, 0% used [0x00000000e4680000,0x00000000e4680000,0x00000000e6a00000)
 ParOldGen       total 118272K, used 16204K [0x00000000a0000000, 0x00000000a7380000, 0x00000000e0000000)
  object space 118272K, 13% used [0x00000000a0000000,0x00000000a0fd30b8,0x00000000a7380000)
 Metaspace       used 60655K, capacity 62167K, committed 62336K, reserved 1103872K
  class space    used 6907K, capacity 7225K, committed 7296K, reserved 1048576K
}
Event: 5875.753 GC heap before
{Heap before GC invocations=27 (full 4):
 PSYoungGen      total 104448K, used 102908K [0x00000000e0000000, 0x00000000e9380000, 0x0000000100000000)
  eden space 72192K, 100% used [0x00000000e0000000,0x00000000e4680000,0x00000000e4680000)
  from space 32256K, 95% used [0x00000000e6a00000,0x00000000e87ff0d0,0x00000000e8980000)
  to   space 36352K, 0% used [0x00000000e4680000,0x00000000e4680000,0x00000000e6a00000)
 ParOldGen       total 118272K, used 16204K [0x00000000a0000000, 0x00000000a7380000, 0x00000000e0000000)
  object space 118272K, 13% used [0x00000000a0000000,0x00000000a0fd30b8,0x00000000a7380000)
 Metaspace       used 61454K, capacity 63003K, committed 63232K, reserved 1105920K
  class space    used 6984K, capacity 7313K, committed 7424K, reserved 1048576K
Event: 5875.796 GC heap after
Heap after GC invocations=27 (full 4):
 PSYoungGen      total 108544K, used 36334K [0x00000000e0000000, 0x00000000ea500000, 0x0000000100000000)
  eden space 72192K, 0% used [0x00000000e0000000,0x00000000e0000000,0x00000000e4680000)
  from space 36352K, 99% used [0x00000000e4680000,0x00000000e69fb890,0x00000000e6a00000)
  to   space 42496K, 0% used [0x00000000e7b80000,0x00000000e7b80000,0x00000000ea500000)
 ParOldGen       total 118272K, used 19255K [0x00000000a0000000, 0x00000000a7380000, 0x00000000e0000000)
  object space 118272K, 16% used [0x00000000a0000000,0x00000000a12cdf80,0x00000000a7380000)
 Metaspace       used 61454K, capacity 63003K, committed 63232K, reserved 1105920K
  class space    used 6984K, capacity 7313K, committed 7424K, reserved 1048576K
}
Event: 5876.360 GC heap before
{Heap before GC invocations=28 (full 4):
 PSYoungGen      total 108544K, used 108526K [0x00000000e0000000, 0x00000000ea500000, 0x0000000100000000)
  eden space 72192K, 100% used [0x00000000e0000000,0x00000000e4680000,0x00000000e4680000)
  from space 36352K, 99% used [0x00000000e4680000,0x00000000e69fb890,0x00000000e6a00000)
  to   space 42496K, 0% used [0x00000000e7b80000,0x00000000e7b80000,0x00000000ea500000)
 ParOldGen       total 118272K, used 19255K [0x00000000a0000000, 0x00000000a7380000, 0x00000000e0000000)
  object space 118272K, 16% used [0x00000000a0000000,0x00000000a12cdf80,0x00000000a7380000)
 Metaspace       used 61996K, capacity 63581K, committed 63872K, reserved 1105920K
  class space    used 7047K, capacity 7418K, committed 7552K, reserved 1048576K
Event: 5876.421 GC heap after
Heap after GC invocations=28 (full 4):
 PSYoungGen      total 116736K, used 42464K [0x00000000e0000000, 0x00000000ebb80000, 0x0000000100000000)
  eden space 74240K, 0% used [0x00000000e0000000,0x00000000e0000000,0x00000000e4880000)
  from space 42496K, 99% used [0x00000000e7b80000,0x00000000ea4f8188,0x00000000ea500000)
  to   space 52224K, 0% used [0x00000000e4880000,0x00000000e4880000,0x00000000e7b80000)
 ParOldGen       total 118272K, used 28068K [0x00000000a0000000, 0x00000000a7380000, 0x00000000e0000000)
  object space 118272K, 23% used [0x00000000a0000000,0x00000000a1b69270,0x00000000a7380000)
 Metaspace       used 61996K, capacity 63581K, committed 63872K, reserved 1105920K
  class space    used 7047K, capacity 7418K, committed 7552K, reserved 1048576K
}
Event: 6144.765 GC heap before
{Heap before GC invocations=29 (full 4):
 PSYoungGen      total 116736K, used 116704K [0x00000000e0000000, 0x00000000ebb80000, 0x0000000100000000)
  eden space 74240K, 100% used [0x00000000e0000000,0x00000000e4880000,0x00000000e4880000)
  from space 42496K, 99% used [0x00000000e7b80000,0x00000000ea4f8188,0x00000000ea500000)
  to   space 52224K, 0% used [0x00000000e4880000,0x00000000e4880000,0x00000000e7b80000)
 ParOldGen       total 118272K, used 28068K [0x00000000a0000000, 0x00000000a7380000, 0x00000000e0000000)
  object space 118272K, 23% used [0x00000000a0000000,0x00000000a1b69270,0x00000000a7380000)
 Metaspace       used 62592K, capacity 64315K, committed 64640K, reserved 1105920K
  class space    used 7106K, capacity 7463K, committed 7552K, reserved 1048576K
Event: 6144.826 GC heap after
Heap after GC invocations=29 (full 4):
 PSYoungGen      total 126464K, used 52196K [0x00000000e0000000, 0x00000000ece00000, 0x0000000100000000)
  eden space 74240K, 0% used [0x00000000e0000000,0x00000000e0000000,0x00000000e4880000)
  from space 52224K, 99% used [0x00000000e4880000,0x00000000e7b79060,0x00000000e7b80000)
  to   space 61440K, 0% used [0x00000000e9200000,0x00000000e9200000,0x00000000ece00000)
 ParOldGen       total 118272K, used 31033K [0x00000000a0000000, 0x00000000a7380000, 0x00000000e0000000)
  object space 118272K, 26% used [0x00000000a0000000,0x00000000a1e4e688,0x00000000a7380000)
 Metaspace       used 62592K, capacity 64315K, committed 64640K, reserved 1105920K
  class space    used 7106K, capacity 7463K, committed 7552K, reserved 1048576K
}

