# JRE version: OpenJDK Runtime Environment (8.0_152-b02) (build 1.8.0_152-release-1024-b02)
# Java VM: OpenJDK 64-Bit Server VM (25.152-b02 mixed mode windows-amd64 compressed oops)
Heap:
 PSYoungGen      total 504832K, used 458627K [0x00000000e0000000, 0x00000000ffe00000, 0x0000000100000000)
  eden space 488448K, 92% used [0x00000000e0000000,0x00000000fb82e7f0,0x00000000fdd00000)
  from space 16384K, 48% used [0x00000000fdd00000,0x00000000fe4b2458,0x00000000fed00000)
  to   space 15872K, 0% used [0x00000000fee80000,0x00000000fee80000,0x00000000ffe00000)
 ParOldGen       total 135168K, used 63094K [0x00000000a0000000, 0x00000000a8400000, 0x00000000e0000000)
  object space 135168K, 46% used [0x00000000a0000000,0x00000000a3d9dba0,0x00000000a8400000)
 Metaspace       used 89241K, capacity 93413K, committed 93696K, reserved 1130496K
  class space    used 11444K, capacity 12223K, committed 12288K, reserved 1048576K
GC Heap History (10 events):
Event: 106.552 GC heap before
{Heap before GC invocations=34 (full 3):
 PSYoungGen      total 504832K, used 490628K [0x00000000e0000000, 0x00000000fff00000, 0x0000000100000000)
  eden space 486400K, 100% used [0x00000000e0000000,0x00000000fdb00000,0x00000000fdb00000)
  from space 18432K, 22% used [0x00000000fed00000,0x00000000ff1213e0,0x00000000fff00000)
  to   space 18432K, 0% used [0x00000000fdb00000,0x00000000fdb00000,0x00000000fed00000)
 ParOldGen       total 135168K, used 62170K [0x00000000a0000000, 0x00000000a8400000, 0x00000000e0000000)
  object space 135168K, 45% used [0x00000000a0000000,0x00000000a3cb6b20,0x00000000a8400000)
 Metaspace       used 82028K, capacity 85408K, committed 85760K, reserved 1124352K
  class space    used 10804K, capacity 11431K, committed 11520K, reserved 1048576K
Event: 106.565 GC heap after
Heap after GC invocations=34 (full 3):
 PSYoungGen      total 504832K, used 3334K [0x00000000e0000000, 0x0000000100000000, 0x0000000100000000)
  eden space 486400K, 0% used [0x00000000e0000000,0x00000000e0000000,0x00000000fdb00000)
  from space 18432K, 18% used [0x00000000fdb00000,0x00000000fde419f8,0x00000000fed00000)
  to   space 18432K, 0% used [0x00000000fee00000,0x00000000fee00000,0x0000000100000000)
 ParOldGen       total 135168K, used 62186K [0x00000000a0000000, 0x00000000a8400000, 0x00000000e0000000)
  object space 135168K, 46% used [0x00000000a0000000,0x00000000a3cbab20,0x00000000a8400000)
 Metaspace       used 82028K, capacity 85408K, committed 85760K, reserved 1124352K
  class space    used 10804K, capacity 11431K, committed 11520K, reserved 1048576K
}
Event: 110.038 GC heap before
{Heap before GC invocations=35 (full 3):
 PSYoungGen      total 504832K, used 489734K [0x00000000e0000000, 0x0000000100000000, 0x0000000100000000)
  eden space 486400K, 100% used [0x00000000e0000000,0x00000000fdb00000,0x00000000fdb00000)
  from space 18432K, 18% used [0x00000000fdb00000,0x00000000fde419f8,0x00000000fed00000)
  to   space 18432K, 0% used [0x00000000fee00000,0x00000000fee00000,0x0000000100000000)
 ParOldGen       total 135168K, used 62186K [0x00000000a0000000, 0x00000000a8400000, 0x00000000e0000000)
  object space 135168K, 46% used [0x00000000a0000000,0x00000000a3cbab20,0x00000000a8400000)
 Metaspace       used 82275K, capacity 85714K, committed 86016K, reserved 1124352K
  class space    used 10816K, capacity 11440K, committed 11520K, reserved 1048576K
Event: 110.043 GC heap after
Heap after GC invocations=35 (full 3):
 PSYoungGen      total 505856K, used 800K [0x00000000e0000000, 0x0000000100000000, 0x0000000100000000)
  eden space 487424K, 0% used [0x00000000e0000000,0x00000000e0000000,0x00000000fdc00000)
  from space 18432K, 4% used [0x00000000fee00000,0x00000000feec8000,0x0000000100000000)
  to   space 18432K, 0% used [0x00000000fdc00000,0x00000000fdc00000,0x00000000fee00000)
 ParOldGen       total 135168K, used 62194K [0x00000000a0000000, 0x00000000a8400000, 0x00000000e0000000)
  object space 135168K, 46% used [0x00000000a0000000,0x00000000a3cbcb20,0x00000000a8400000)
 Metaspace       used 82275K, capacity 85714K, committed 86016K, reserved 1124352K
  class space    used 10816K, capacity 11440K, committed 11520K, reserved 1048576K
}
Event: 120.847 GC heap before
{Heap before GC invocations=36 (full 3):
 PSYoungGen      total 505856K, used 487355K [0x00000000e0000000, 0x0000000100000000, 0x0000000100000000)
  eden space 487424K, 99% used [0x00000000e0000000,0x00000000fdb26c48,0x00000000fdc00000)
  from space 18432K, 4% used [0x00000000fee00000,0x00000000feec8000,0x0000000100000000)
  to   space 18432K, 0% used [0x00000000fdc00000,0x00000000fdc00000,0x00000000fee00000)
 ParOldGen       total 135168K, used 62194K [0x00000000a0000000, 0x00000000a8400000, 0x00000000e0000000)
  object space 135168K, 46% used [0x00000000a0000000,0x00000000a3cbcb20,0x00000000a8400000)
 Metaspace       used 83401K, capacity 86930K, committed 87168K, reserved 1124352K
  class space    used 10944K, capacity 11608K, committed 11648K, reserved 1048576K
Event: 120.863 GC heap after
Heap after GC invocations=36 (full 3):
 PSYoungGen      total 493568K, used 6125K [0x00000000e0000000, 0x00000000ffe00000, 0x0000000100000000)
  eden space 487424K, 0% used [0x00000000e0000000,0x00000000e0000000,0x00000000fdc00000)
  from space 6144K, 99% used [0x00000000fdc00000,0x00000000fe1fb7c8,0x00000000fe200000)
  to   space 17408K, 0% used [0x00000000fed00000,0x00000000fed00000,0x00000000ffe00000)
 ParOldGen       total 135168K, used 62538K [0x00000000a0000000, 0x00000000a8400000, 0x00000000e0000000)
  object space 135168K, 46% used [0x00000000a0000000,0x00000000a3d12b50,0x00000000a8400000)
 Metaspace       used 83401K, capacity 86930K, committed 87168K, reserved 1124352K
  class space    used 10944K, capacity 11608K, committed 11648K, reserved 1048576K
}
Event: 282.388 GC heap before
{Heap before GC invocations=37 (full 3):
 PSYoungGen      total 493568K, used 493549K [0x00000000e0000000, 0x00000000ffe00000, 0x0000000100000000)
  eden space 487424K, 100% used [0x00000000e0000000,0x00000000fdc00000,0x00000000fdc00000)
  from space 6144K, 99% used [0x00000000fdc00000,0x00000000fe1fb7c8,0x00000000fe200000)
  to   space 17408K, 0% used [0x00000000fed00000,0x00000000fed00000,0x00000000ffe00000)
 ParOldGen       total 135168K, used 62538K [0x00000000a0000000, 0x00000000a8400000, 0x00000000e0000000)
  object space 135168K, 46% used [0x00000000a0000000,0x00000000a3d12b50,0x00000000a8400000)
 Metaspace       used 87139K, capacity 90842K, committed 90880K, reserved 1128448K
  class space    used 11299K, capacity 12030K, committed 12032K, reserved 1048576K
Event: 282.405 GC heap after
Heap after GC invocations=37 (full 3):
 PSYoungGen      total 505856K, used 7224K [0x00000000e0000000, 0x0000000100000000, 0x0000000100000000)
  eden space 488448K, 0% used [0x00000000e0000000,0x00000000e0000000,0x00000000fdd00000)
  from space 17408K, 41% used [0x00000000fed00000,0x00000000ff40e3b0,0x00000000ffe00000)
  to   space 16384K, 0% used [0x00000000fdd00000,0x00000000fdd00000,0x00000000fed00000)
 ParOldGen       total 135168K, used 63086K [0x00000000a0000000, 0x00000000a8400000, 0x00000000e0000000)
  object space 135168K, 46% used [0x00000000a0000000,0x00000000a3d9bba0,0x00000000a8400000)
 Metaspace       used 87139K, capacity 90842K, committed 90880K, reserved 1128448K
  class space    used 11299K, capacity 12030K, committed 12032K, reserved 1048576K
}
Event: 295.106 GC heap before
{Heap before GC invocations=38 (full 3):
 PSYoungGen      total 505856K, used 495672K [0x00000000e0000000, 0x0000000100000000, 0x0000000100000000)
  eden space 488448K, 100% used [0x00000000e0000000,0x00000000fdd00000,0x00000000fdd00000)
  from space 17408K, 41% used [0x00000000fed00000,0x00000000ff40e3b0,0x00000000ffe00000)
  to   space 16384K, 0% used [0x00000000fdd00000,0x00000000fdd00000,0x00000000fed00000)
 ParOldGen       total 135168K, used 63086K [0x00000000a0000000, 0x00000000a8400000, 0x00000000e0000000)
  object space 135168K, 46% used [0x00000000a0000000,0x00000000a3d9bba0,0x00000000a8400000)
 Metaspace       used 88048K, capacity 91841K, committed 92032K, reserved 1128448K
  class space    used 11353K, capacity 12081K, committed 12160K, reserved 1048576K
Event: 295.127 GC heap after
Heap after GC invocations=38 (full 3):
 PSYoungGen      total 504832K, used 7881K [0x00000000e0000000, 0x00000000ffe00000, 0x0000000100000000)
  eden space 488448K, 0% used [0x00000000e0000000,0x00000000e0000000,0x00000000fdd00000)
  from space 16384K, 48% used [0x00000000fdd00000,0x00000000fe4b2458,0x00000000fed00000)
  to   space 15872K, 0% used [0x00000000fee80000,0x00000000fee80000,0x00000000ffe00000)
 ParOldGen       total 135168K, used 63094K [0x00000000a0000000, 0x00000000a8400000, 0x00000000e0000000)
  object space 135168K, 46% used [0x00000000a0000000,0x00000000a3d9dba0,0x00000000a8400000)
 Metaspace       used 88048K, capacity 91841K, committed 92032K, reserved 1128448K
  class space    used 11353K, capacity 12081K, committed 12160K, reserved 1048576K
}

