# JRE version: OpenJDK Runtime Environment (8.0_152-b02) (build 1.8.0_152-release-1024-b02)
# Java VM: OpenJDK 64-Bit Server VM (25.152-b02 mixed mode windows-amd64 compressed oops)
Heap:
 PSYoungGen      total 409088K, used 260811K [0x00000000e0000000, 0x00000000fb080000, 0x0000000100000000)
  eden space 375296K, 66% used [0x00000000e0000000,0x00000000ef243ef8,0x00000000f6e80000)
  from space 33792K, 37% used [0x00000000f6e80000,0x00000000f7aeee88,0x00000000f8f80000)
  to   space 22528K, 0% used [0x00000000f9a80000,0x00000000f9a80000,0x00000000fb080000)
 ParOldGen       total 134656K, used 99688K [0x00000000a0000000, 0x00000000a8380000, 0x00000000e0000000)
  object space 134656K, 74% used [0x00000000a0000000,0x00000000a615a080,0x00000000a8380000)
 Metaspace       used 86617K, capacity 90582K, committed 90840K, reserved 1128448K
  class space    used 11256K, capacity 12004K, committed 12032K, reserved 1048576K
GC Heap History (10 events):
Event: 5575.218 GC heap before
{Heap before GC invocations=19 (full 4):
 PSYoungGen      total 314880K, used 9967K [0x00000000e0000000, 0x00000000f5180000, 0x0000000100000000)
  eden space 304640K, 0% used [0x00000000e0000000,0x00000000e0000000,0x00000000f2980000)
  from space 10240K, 97% used [0x00000000f2980000,0x00000000f333bd50,0x00000000f3380000)
  to   space 20480K, 0% used [0x00000000f3d80000,0x00000000f3d80000,0x00000000f5180000)
 ParOldGen       total 134656K, used 45102K [0x00000000a0000000, 0x00000000a8380000, 0x00000000e0000000)
  object space 134656K, 33% used [0x00000000a0000000,0x00000000a2c0b818,0x00000000a8380000)
 Metaspace       used 70172K, capacity 72780K, committed 73176K, reserved 1112064K
  class space    used 9360K, capacity 9882K, committed 9984K, reserved 1048576K
Event: 5575.484 GC heap after
Heap after GC invocations=19 (full 4):
 PSYoungGen      total 314880K, used 0K [0x00000000e0000000, 0x00000000f5180000, 0x0000000100000000)
  eden space 304640K, 0% used [0x00000000e0000000,0x00000000e0000000,0x00000000f2980000)
  from space 10240K, 0% used [0x00000000f2980000,0x00000000f2980000,0x00000000f3380000)
  to   space 20480K, 0% used [0x00000000f3d80000,0x00000000f3d80000,0x00000000f5180000)
 ParOldGen       total 134656K, used 37275K [0x00000000a0000000, 0x00000000a8380000, 0x00000000e0000000)
  object space 134656K, 27% used [0x00000000a0000000,0x00000000a2466f90,0x00000000a8380000)
 Metaspace       used 69214K, capacity 71312K, committed 73176K, reserved 1112064K
  class space    used 9160K, capacity 9576K, committed 9984K, reserved 1048576K
}
Event: 5588.114 GC heap before
{Heap before GC invocations=20 (full 4):
 PSYoungGen      total 314880K, used 304640K [0x00000000e0000000, 0x00000000f5180000, 0x0000000100000000)
  eden space 304640K, 100% used [0x00000000e0000000,0x00000000f2980000,0x00000000f2980000)
  from space 10240K, 0% used [0x00000000f2980000,0x00000000f2980000,0x00000000f3380000)
  to   space 20480K, 0% used [0x00000000f3d80000,0x00000000f3d80000,0x00000000f5180000)
 ParOldGen       total 134656K, used 37275K [0x00000000a0000000, 0x00000000a8380000, 0x00000000e0000000)
  object space 134656K, 27% used [0x00000000a0000000,0x00000000a2466f90,0x00000000a8380000)
 Metaspace       used 79228K, capacity 82822K, committed 82904K, reserved 1120256K
  class space    used 10510K, capacity 11193K, committed 11264K, reserved 1048576K
Event: 5588.201 GC heap after
Heap after GC invocations=20 (full 4):
 PSYoungGen      total 325120K, used 20452K [0x00000000e0000000, 0x00000000f5180000, 0x0000000100000000)
  eden space 304640K, 0% used [0x00000000e0000000,0x00000000e0000000,0x00000000f2980000)
  from space 20480K, 99% used [0x00000000f3d80000,0x00000000f51792b8,0x00000000f5180000)
  to   space 10240K, 0% used [0x00000000f2980000,0x00000000f2980000,0x00000000f3380000)
 ParOldGen       total 134656K, used 70426K [0x00000000a0000000, 0x00000000a8380000, 0x00000000e0000000)
  object space 134656K, 52% used [0x00000000a0000000,0x00000000a44c6a60,0x00000000a8380000)
 Metaspace       used 79228K, capacity 82822K, committed 82904K, reserved 1120256K
  class space    used 10510K, capacity 11193K, committed 11264K, reserved 1048576K
}
Event: 5591.598 GC heap before
{Heap before GC invocations=21 (full 4):
 PSYoungGen      total 325120K, used 325052K [0x00000000e0000000, 0x00000000f5180000, 0x0000000100000000)
  eden space 304640K, 99% used [0x00000000e0000000,0x00000000f2975df0,0x00000000f2980000)
  from space 20480K, 99% used [0x00000000f3d80000,0x00000000f51792b8,0x00000000f5180000)
  to   space 10240K, 0% used [0x00000000f2980000,0x00000000f2980000,0x00000000f3380000)
 ParOldGen       total 134656K, used 70426K [0x00000000a0000000, 0x00000000a8380000, 0x00000000e0000000)
  object space 134656K, 52% used [0x00000000a0000000,0x00000000a44c6a60,0x00000000a8380000)
 Metaspace       used 79478K, capacity 83062K, committed 83160K, reserved 1122304K
  class space    used 10519K, capacity 11201K, committed 11264K, reserved 1048576K
Event: 5591.638 GC heap after
Heap after GC invocations=21 (full 4):
 PSYoungGen      total 314880K, used 7096K [0x00000000e0000000, 0x00000000fbc80000, 0x0000000100000000)
  eden space 304640K, 0% used [0x00000000e0000000,0x00000000e0000000,0x00000000f2980000)
  from space 10240K, 69% used [0x00000000f2980000,0x00000000f306e0b0,0x00000000f3380000)
  to   space 34816K, 0% used [0x00000000f9a80000,0x00000000f9a80000,0x00000000fbc80000)
 ParOldGen       total 134656K, used 94879K [0x00000000a0000000, 0x00000000a8380000, 0x00000000e0000000)
  object space 134656K, 70% used [0x00000000a0000000,0x00000000a5ca7df0,0x00000000a8380000)
 Metaspace       used 79478K, capacity 83062K, committed 83160K, reserved 1122304K
  class space    used 10519K, capacity 11201K, committed 11264K, reserved 1048576K
}
Event: 5591.685 GC heap before
{Heap before GC invocations=22 (full 4):
 PSYoungGen      total 314880K, used 310868K [0x00000000e0000000, 0x00000000fbc80000, 0x0000000100000000)
  eden space 304640K, 99% used [0x00000000e0000000,0x00000000f28a7040,0x00000000f2980000)
  from space 10240K, 69% used [0x00000000f2980000,0x00000000f306e0b0,0x00000000f3380000)
  to   space 34816K, 0% used [0x00000000f9a80000,0x00000000f9a80000,0x00000000fbc80000)
 ParOldGen       total 134656K, used 94879K [0x00000000a0000000, 0x00000000a8380000, 0x00000000e0000000)
  object space 134656K, 70% used [0x00000000a0000000,0x00000000a5ca7df0,0x00000000a8380000)
 Metaspace       used 79478K, capacity 83062K, committed 83160K, reserved 1122304K
  class space    used 10519K, capacity 11201K, committed 11264K, reserved 1048576K
Event: 5591.689 GC heap after
Heap after GC invocations=22 (full 4):
 PSYoungGen      total 397824K, used 6342K [0x00000000e0000000, 0x00000000fb080000, 0x0000000100000000)
  eden space 375296K, 0% used [0x00000000e0000000,0x00000000e0000000,0x00000000f6e80000)
  from space 22528K, 28% used [0x00000000f9a80000,0x00000000fa0b1b50,0x00000000fb080000)
  to   space 33792K, 0% used [0x00000000f6e80000,0x00000000f6e80000,0x00000000f8f80000)
 ParOldGen       total 134656K, used 94887K [0x00000000a0000000, 0x00000000a8380000, 0x00000000e0000000)
  object space 134656K, 70% used [0x00000000a0000000,0x00000000a5ca9df0,0x00000000a8380000)
 Metaspace       used 79478K, capacity 83062K, committed 83160K, reserved 1122304K
  class space    used 10519K, capacity 11201K, committed 11264K, reserved 1048576K
}
Event: 5666.525 GC heap before
{Heap before GC invocations=23 (full 4):
 PSYoungGen      total 397824K, used 381424K [0x00000000e0000000, 0x00000000fb080000, 0x0000000100000000)
  eden space 375296K, 99% used [0x00000000e0000000,0x00000000f6e4a8a8,0x00000000f6e80000)
  from space 22528K, 28% used [0x00000000f9a80000,0x00000000fa0b1b50,0x00000000fb080000)
  to   space 33792K, 0% used [0x00000000f6e80000,0x00000000f6e80000,0x00000000f8f80000)
 ParOldGen       total 134656K, used 94887K [0x00000000a0000000, 0x00000000a8380000, 0x00000000e0000000)
  object space 134656K, 70% used [0x00000000a0000000,0x00000000a5ca9df0,0x00000000a8380000)
 Metaspace       used 84151K, capacity 87952K, committed 88152K, reserved 1126400K
  class space    used 11051K, capacity 11801K, committed 11904K, reserved 1048576K
Event: 5666.551 GC heap after
Heap after GC invocations=23 (full 4):
 PSYoungGen      total 409088K, used 12731K [0x00000000e0000000, 0x00000000fb080000, 0x0000000100000000)
  eden space 375296K, 0% used [0x00000000e0000000,0x00000000e0000000,0x00000000f6e80000)
  from space 33792K, 37% used [0x00000000f6e80000,0x00000000f7aeee88,0x00000000f8f80000)
  to   space 22528K, 0% used [0x00000000f9a80000,0x00000000f9a80000,0x00000000fb080000)
 ParOldGen       total 134656K, used 99688K [0x00000000a0000000, 0x00000000a8380000, 0x00000000e0000000)
  object space 134656K, 74% used [0x00000000a0000000,0x00000000a615a080,0x00000000a8380000)
 Metaspace       used 84151K, capacity 87952K, committed 88152K, reserved 1126400K
  class space    used 11051K, capacity 11801K, committed 11904K, reserved 1048576K
}

